<?xml version="1.0" encoding="UTF-8"?>
<testsuite name="br.com.finanzen.service.TransactionServiceTest" tests="1" skipped="0" failures="0" errors="0" timestamp="2025-10-29T02:03:51" hostname="T430" time="17.6">
  <properties/>
  <testcase name="Should create transaction with success" classname="br.com.finanzen.service.TransactionServiceTest" time="17.6"/>
  <system-out><![CDATA[23:03:58.492 [Test worker] INFO br.com.finanzen.service.TransactionService -- Creating Transaction with name: Transaction 1
]]></system-out>
  <system-err><![CDATA[WARNING: A Java agent has been loaded dynamically (/home/dhsanchesp/.gradle/caches/modules-2/files-2.1/net.bytebuddy/byte-buddy-agent/1.14.13/979ce25f7d3096a2e82214ba7dc972a05ce7a171/byte-buddy-agent-1.14.13.jar)
WARNING: If a serviceability tool is in use, please run with -XX:+EnableDynamicAgentLoading to hide this warning
WARNING: If a serviceability tool is not in use, please run with -Djdk.instrument.traceUsage for more information
WARNING: Dynamic loading of agents will be disallowed by default in a future release
]]></system-err>
</testsuite>
